build/app/intermediates/manifest_merge_blame_file/debug/manifest-merger-blame-debug-report.txt
1<?xml version="1.0" encoding="utf-8"?>
2<manifest xmlns:android="http://schemas.android.com/apk/res/android"
3    package="com.example.pet_shop_agence_app_test"
4    android:versionCode="1"
5    android:versionName="1.0.0" >
6
7    <uses-sdk
8        android:minSdkVersion="21"
9        android:targetSdkVersion="30" />
10    <!--
11         Flutter needs it to communicate with the running application
12         to allow setting breakpoints, to provide hot reload, etc.
13    -->
14    <uses-permission android:name="android.permission.INTERNET" />
14-->src/main/AndroidManifest.xml:4:5-66
14-->src/main/AndroidManifest.xml:4:22-64
15    <uses-permission android:name="android.permission.ACCESS_NETWORK_STATE" />
15-->[com.google.firebase:firebase-auth:21.0.1] AndroidManifest.xml:24:5-79
15-->[com.google.firebase:firebase-auth:21.0.1] AndroidManifest.xml:24:22-76
16    <uses-permission android:name="com.google.android.finsky.permission.BIND_GET_INSTALL_REFERRER_SERVICE" />
16-->[com.android.installreferrer:installreferrer:1.0] AndroidManifest.xml:9:5-110
16-->[com.android.installreferrer:installreferrer:1.0] AndroidManifest.xml:9:22-107
17
18    <application
19        android:name="android.app.Application"
20        android:appComponentFactory="androidx.core.app.CoreComponentFactory"
20-->[androidx.core:core:1.6.0] AndroidManifest.xml:24:18-86
21        android:debuggable="true"
22        android:icon="@mipmap/ic_launcher"
23        android:label="pet_shop_agence_app_test"
24        android:supportsRtl="true" >
24-->[com.facebook.android:facebook-login:12.2.0] AndroidManifest.xml:28:18-44
25        <meta-data
26            android:name="com.facebook.sdk.ApplicationId"
27            android:value="@string/facebook_app_id" />
28
29        <activity
30            android:name="com.facebook.FacebookActivity"
31            android:configChanges="keyboard|keyboardHidden|screenLayout|screenSize|orientation"
32            android:label="@string/app_name"
33            android:theme="@style/com_facebook_activity_theme" />
33-->[com.facebook.android:facebook-common:12.2.0] AndroidManifest.xml:33:13-63
34        <activity
35            android:name="com.facebook.CustomTabActivity"
36            android:exported="true" >
37            <intent-filter>
38                <action android:name="android.intent.action.VIEW" />
38-->[com.facebook.android:facebook-common:12.2.0] AndroidManifest.xml:40:17-69
38-->[com.facebook.android:facebook-common:12.2.0] AndroidManifest.xml:40:25-66
39
40                <category android:name="android.intent.category.DEFAULT" />
40-->[com.facebook.android:facebook-common:12.2.0] AndroidManifest.xml:42:17-76
40-->[com.facebook.android:facebook-common:12.2.0] AndroidManifest.xml:42:27-73
41                <category android:name="android.intent.category.BROWSABLE" />
41-->[com.facebook.android:facebook-common:12.2.0] AndroidManifest.xml:43:17-78
41-->[com.facebook.android:facebook-common:12.2.0] AndroidManifest.xml:43:27-75
42
43                <data android:scheme="@string/fb_login_protocol_scheme" />
43-->[com.facebook.android:facebook-common:12.2.0] AndroidManifest.xml:45:17-47:50
43-->[com.facebook.android:facebook-common:12.2.0] AndroidManifest.xml:47:21-47
44            </intent-filter>
45            <intent-filter>
45-->[com.facebook.android:facebook-common:12.2.0] AndroidManifest.xml:39:13-48:29
46                <action android:name="android.intent.action.VIEW" />
46-->[com.facebook.android:facebook-common:12.2.0] AndroidManifest.xml:40:17-69
46-->[com.facebook.android:facebook-common:12.2.0] AndroidManifest.xml:40:25-66
47
48                <category android:name="android.intent.category.DEFAULT" />
48-->[com.facebook.android:facebook-common:12.2.0] AndroidManifest.xml:42:17-76
48-->[com.facebook.android:facebook-common:12.2.0] AndroidManifest.xml:42:27-73
49                <category android:name="android.intent.category.BROWSABLE" />
49-->[com.facebook.android:facebook-common:12.2.0] AndroidManifest.xml:43:17-78
49-->[com.facebook.android:facebook-common:12.2.0] AndroidManifest.xml:43:27-75
50
51                <data
51-->[com.facebook.android:facebook-common:12.2.0] AndroidManifest.xml:45:17-47:50
52                    android:host="cct.com.example.pet_shop_agence_app_test"
52-->[com.facebook.android:facebook-common:12.2.0] AndroidManifest.xml:46:21-56
53                    android:scheme="fbconnect" />
53-->[com.facebook.android:facebook-common:12.2.0] AndroidManifest.xml:47:21-47
54            </intent-filter>
55        </activity>
56        <activity
57            android:name="com.example.pet_shop_agence_app_test.MainActivity"
58            android:configChanges="orientation|keyboardHidden|keyboard|screenSize|smallestScreenSize|locale|layoutDirection|fontScale|screenLayout|density|uiMode"
59            android:exported="true"
60            android:hardwareAccelerated="true"
61            android:launchMode="singleTop"
62            android:theme="@style/LaunchTheme"
63            android:windowSoftInputMode="adjustResize" >
64
65            <!--
66                 Specifies an Android theme to apply to this Activity as soon as
67                 the Android process has started. This theme is visible to the user
68                 while the Flutter UI initializes. After that, this theme continues
69                 to determine the Window background behind the Flutter UI.
70            -->
71            <meta-data
72                android:name="io.flutter.embedding.android.NormalTheme"
73                android:resource="@style/NormalTheme" />
74
75            <intent-filter>
76                <action android:name="android.intent.action.MAIN" />
77
78                <category android:name="android.intent.category.LAUNCHER" />
79            </intent-filter>
80        </activity>
81        <!--
82             Don't delete the meta-data below.
83             This is used by the Flutter tool to generate GeneratedPluginRegistrant.java
84        -->
85        <meta-data
86            android:name="flutterEmbedding"
87            android:value="2" />
88
89        <service
89-->[:firebase_auth] AndroidManifest.xml:8:9-12:19
90            android:name="com.google.firebase.components.ComponentDiscoveryService"
90-->[:firebase_auth] AndroidManifest.xml:8:18-89
91            android:directBootAware="true"
91-->[com.google.firebase:firebase-common:20.0.0] AndroidManifest.xml:35:13-43
92            android:exported="false" >
92-->[com.google.firebase:firebase-auth:21.0.1] AndroidManifest.xml:76:13-37
93            <meta-data
93-->[:firebase_auth] AndroidManifest.xml:9:13-11:85
94                android:name="com.google.firebase.components:io.flutter.plugins.firebase.auth.FlutterFirebaseAuthRegistrar"
94-->[:firebase_auth] AndroidManifest.xml:10:17-124
95                android:value="com.google.firebase.components.ComponentRegistrar" />
95-->[:firebase_auth] AndroidManifest.xml:11:17-82
96            <meta-data
96-->[:firebase_core] AndroidManifest.xml:9:13-11:85
97                android:name="com.google.firebase.components:io.flutter.plugins.firebase.core.FlutterFirebaseCoreRegistrar"
97-->[:firebase_core] AndroidManifest.xml:10:17-124
98                android:value="com.google.firebase.components.ComponentRegistrar" />
98-->[:firebase_core] AndroidManifest.xml:11:17-82
99            <meta-data
99-->[com.google.firebase:firebase-auth:21.0.1] AndroidManifest.xml:77:13-79:85
100                android:name="com.google.firebase.components:com.google.firebase.auth.FirebaseAuthRegistrar"
100-->[com.google.firebase:firebase-auth:21.0.1] AndroidManifest.xml:78:17-109
101                android:value="com.google.firebase.components.ComponentRegistrar" />
101-->[com.google.firebase:firebase-auth:21.0.1] AndroidManifest.xml:79:17-82
102        </service>
103
104        <activity android:name="com.facebook.CustomTabMainActivity" />
104-->[com.facebook.android:facebook-common:12.2.0] AndroidManifest.xml:34:9-71
104-->[com.facebook.android:facebook-common:12.2.0] AndroidManifest.xml:34:19-68
105        <!--
106         The initialization ContentProvider will call FacebookSdk.sdkInitialize automatically
107         with the application context. This config is merged in with the host app's manifest,
108         but there can only be one provider with the same authority activated at any given
109         point; so if the end user has two or more different apps that use Facebook SDK, only the
110         first one will be able to use the provider. To work around this problem, we use the
111         following placeholder in the authority to identify each host application as if it was
112         a completely different provider.
113        -->
114        <provider
114-->[com.facebook.android:facebook-core:12.2.0] AndroidManifest.xml:39:9-42:40
115            android:name="com.facebook.internal.FacebookInitProvider"
115-->[com.facebook.android:facebook-core:12.2.0] AndroidManifest.xml:40:13-70
116            android:authorities="com.example.pet_shop_agence_app_test.FacebookInitProvider"
116-->[com.facebook.android:facebook-core:12.2.0] AndroidManifest.xml:41:13-72
117            android:exported="false" />
117-->[com.facebook.android:facebook-core:12.2.0] AndroidManifest.xml:42:13-37
118
119        <receiver
119-->[com.facebook.android:facebook-core:12.2.0] AndroidManifest.xml:44:9-50:20
120            android:name="com.facebook.CurrentAccessTokenExpirationBroadcastReceiver"
120-->[com.facebook.android:facebook-core:12.2.0] AndroidManifest.xml:45:13-86
121            android:exported="false" >
121-->[com.facebook.android:facebook-core:12.2.0] AndroidManifest.xml:46:13-37
122            <intent-filter>
122-->[com.facebook.android:facebook-core:12.2.0] AndroidManifest.xml:47:13-49:29
123                <action android:name="com.facebook.sdk.ACTION_CURRENT_ACCESS_TOKEN_CHANGED" />
123-->[com.facebook.android:facebook-core:12.2.0] AndroidManifest.xml:48:17-95
123-->[com.facebook.android:facebook-core:12.2.0] AndroidManifest.xml:48:25-92
124            </intent-filter>
125        </receiver>
126        <receiver
126-->[com.facebook.android:facebook-core:12.2.0] AndroidManifest.xml:51:9-57:20
127            android:name="com.facebook.AuthenticationTokenManager$CurrentAuthenticationTokenChangedBroadcastReceiver"
127-->[com.facebook.android:facebook-core:12.2.0] AndroidManifest.xml:52:13-118
128            android:exported="false" >
128-->[com.facebook.android:facebook-core:12.2.0] AndroidManifest.xml:53:13-37
129            <intent-filter>
129-->[com.facebook.android:facebook-core:12.2.0] AndroidManifest.xml:54:13-56:29
130                <action android:name="com.facebook.sdk.ACTION_CURRENT_AUTHENTICATION_TOKEN_CHANGED" />
130-->[com.facebook.android:facebook-core:12.2.0] AndroidManifest.xml:55:17-103
130-->[com.facebook.android:facebook-core:12.2.0] AndroidManifest.xml:55:25-100
131            </intent-filter>
132        </receiver>
133
134        <uses-library
134-->[androidx.window:window:1.0.0-beta04] AndroidManifest.xml:25:9-27:40
135            android:name="androidx.window.extensions"
135-->[androidx.window:window:1.0.0-beta04] AndroidManifest.xml:26:13-54
136            android:required="false" />
136-->[androidx.window:window:1.0.0-beta04] AndroidManifest.xml:27:13-37
137        <uses-library
137-->[androidx.window:window:1.0.0-beta04] AndroidManifest.xml:28:9-30:40
138            android:name="androidx.window.sidecar"
138-->[androidx.window:window:1.0.0-beta04] AndroidManifest.xml:29:13-51
139            android:required="false" />
139-->[androidx.window:window:1.0.0-beta04] AndroidManifest.xml:30:13-37
140
141        <activity
141-->[com.google.firebase:firebase-auth:21.0.1] AndroidManifest.xml:27:9-44:20
142            android:name="com.google.firebase.auth.internal.GenericIdpActivity"
142-->[com.google.firebase:firebase-auth:21.0.1] AndroidManifest.xml:28:13-80
143            android:excludeFromRecents="true"
143-->[com.google.firebase:firebase-auth:21.0.1] AndroidManifest.xml:29:13-46
144            android:exported="true"
144-->[com.google.firebase:firebase-auth:21.0.1] AndroidManifest.xml:30:13-36
145            android:launchMode="singleTask"
145-->[com.google.firebase:firebase-auth:21.0.1] AndroidManifest.xml:31:13-44
146            android:theme="@android:style/Theme.Translucent.NoTitleBar" >
146-->[com.google.firebase:firebase-auth:21.0.1] AndroidManifest.xml:32:13-72
147            <intent-filter>
147-->[com.google.firebase:firebase-auth:21.0.1] AndroidManifest.xml:33:13-43:29
148                <action android:name="android.intent.action.VIEW" />
148-->[com.facebook.android:facebook-common:12.2.0] AndroidManifest.xml:40:17-69
148-->[com.facebook.android:facebook-common:12.2.0] AndroidManifest.xml:40:25-66
149
150                <category android:name="android.intent.category.DEFAULT" />
150-->[com.facebook.android:facebook-common:12.2.0] AndroidManifest.xml:42:17-76
150-->[com.facebook.android:facebook-common:12.2.0] AndroidManifest.xml:42:27-73
151                <category android:name="android.intent.category.BROWSABLE" />
151-->[com.facebook.android:facebook-common:12.2.0] AndroidManifest.xml:43:17-78
151-->[com.facebook.android:facebook-common:12.2.0] AndroidManifest.xml:43:27-75
152
153                <data
153-->[com.facebook.android:facebook-common:12.2.0] AndroidManifest.xml:45:17-47:50
154                    android:host="firebase.auth"
154-->[com.facebook.android:facebook-common:12.2.0] AndroidManifest.xml:46:21-56
155                    android:path="/"
156                    android:scheme="genericidp" />
156-->[com.facebook.android:facebook-common:12.2.0] AndroidManifest.xml:47:21-47
157            </intent-filter>
158        </activity>
159        <activity
159-->[com.google.firebase:firebase-auth:21.0.1] AndroidManifest.xml:45:9-62:20
160            android:name="com.google.firebase.auth.internal.RecaptchaActivity"
160-->[com.google.firebase:firebase-auth:21.0.1] AndroidManifest.xml:46:13-79
161            android:excludeFromRecents="true"
161-->[com.google.firebase:firebase-auth:21.0.1] AndroidManifest.xml:47:13-46
162            android:exported="true"
162-->[com.google.firebase:firebase-auth:21.0.1] AndroidManifest.xml:48:13-36
163            android:launchMode="singleTask"
163-->[com.google.firebase:firebase-auth:21.0.1] AndroidManifest.xml:49:13-44
164            android:theme="@android:style/Theme.Translucent.NoTitleBar" >
164-->[com.google.firebase:firebase-auth:21.0.1] AndroidManifest.xml:50:13-72
165            <intent-filter>
165-->[com.google.firebase:firebase-auth:21.0.1] AndroidManifest.xml:51:13-61:29
166                <action android:name="android.intent.action.VIEW" />
166-->[com.facebook.android:facebook-common:12.2.0] AndroidManifest.xml:40:17-69
166-->[com.facebook.android:facebook-common:12.2.0] AndroidManifest.xml:40:25-66
167
168                <category android:name="android.intent.category.DEFAULT" />
168-->[com.facebook.android:facebook-common:12.2.0] AndroidManifest.xml:42:17-76
168-->[com.facebook.android:facebook-common:12.2.0] AndroidManifest.xml:42:27-73
169                <category android:name="android.intent.category.BROWSABLE" />
169-->[com.facebook.android:facebook-common:12.2.0] AndroidManifest.xml:43:17-78
169-->[com.facebook.android:facebook-common:12.2.0] AndroidManifest.xml:43:27-75
170
171                <data
171-->[com.facebook.android:facebook-common:12.2.0] AndroidManifest.xml:45:17-47:50
172                    android:host="firebase.auth"
172-->[com.facebook.android:facebook-common:12.2.0] AndroidManifest.xml:46:21-56
173                    android:path="/"
174                    android:scheme="recaptcha" />
174-->[com.facebook.android:facebook-common:12.2.0] AndroidManifest.xml:47:21-47
175            </intent-filter>
176        </activity>
177
178        <service
178-->[com.google.firebase:firebase-auth:21.0.1] AndroidManifest.xml:64:9-73:19
179            android:name="com.google.firebase.auth.api.fallback.service.FirebaseAuthFallbackService"
179-->[com.google.firebase:firebase-auth:21.0.1] AndroidManifest.xml:65:13-101
180            android:enabled="true"
180-->[com.google.firebase:firebase-auth:21.0.1] AndroidManifest.xml:66:13-35
181            android:exported="false" >
181-->[com.google.firebase:firebase-auth:21.0.1] AndroidManifest.xml:67:13-37
182            <intent-filter>
182-->[com.google.firebase:firebase-auth:21.0.1] AndroidManifest.xml:68:13-72:29
183                <action android:name="com.google.firebase.auth.api.gms.service.START" />
183-->[com.google.firebase:firebase-auth:21.0.1] AndroidManifest.xml:69:17-89
183-->[com.google.firebase:firebase-auth:21.0.1] AndroidManifest.xml:69:25-86
184
185                <category android:name="android.intent.category.DEFAULT" />
185-->[com.facebook.android:facebook-common:12.2.0] AndroidManifest.xml:42:17-76
185-->[com.facebook.android:facebook-common:12.2.0] AndroidManifest.xml:42:27-73
186            </intent-filter>
187        </service>
188
189        <provider
189-->[com.google.firebase:firebase-common:20.0.0] AndroidManifest.xml:26:9-31:39
190            android:name="com.google.firebase.provider.FirebaseInitProvider"
190-->[com.google.firebase:firebase-common:20.0.0] AndroidManifest.xml:27:13-77
191            android:authorities="com.example.pet_shop_agence_app_test.firebaseinitprovider"
191-->[com.google.firebase:firebase-common:20.0.0] AndroidManifest.xml:28:13-72
192            android:directBootAware="true"
192-->[com.google.firebase:firebase-common:20.0.0] AndroidManifest.xml:29:13-43
193            android:exported="false"
193-->[com.google.firebase:firebase-common:20.0.0] AndroidManifest.xml:30:13-37
194            android:initOrder="100" />
194-->[com.google.firebase:firebase-common:20.0.0] AndroidManifest.xml:31:13-36
195
196        <activity
196-->[com.google.android.gms:play-services-auth:20.0.1] AndroidManifest.xml:23:9-27:75
197            android:name="com.google.android.gms.auth.api.signin.internal.SignInHubActivity"
197-->[com.google.android.gms:play-services-auth:20.0.1] AndroidManifest.xml:24:13-93
198            android:excludeFromRecents="true"
198-->[com.google.android.gms:play-services-auth:20.0.1] AndroidManifest.xml:25:13-46
199            android:exported="false"
199-->[com.google.android.gms:play-services-auth:20.0.1] AndroidManifest.xml:26:13-37
200            android:theme="@android:style/Theme.Translucent.NoTitleBar" />
200-->[com.google.android.gms:play-services-auth:20.0.1] AndroidManifest.xml:27:13-72
201        <!--
202            Service handling Google Sign-In user revocation. For apps that do not integrate with
203            Google Sign-In, this service will never be started.
204        -->
205        <service
205-->[com.google.android.gms:play-services-auth:20.0.1] AndroidManifest.xml:33:9-37:51
206            android:name="com.google.android.gms.auth.api.signin.RevocationBoundService"
206-->[com.google.android.gms:play-services-auth:20.0.1] AndroidManifest.xml:34:13-89
207            android:exported="true"
207-->[com.google.android.gms:play-services-auth:20.0.1] AndroidManifest.xml:35:13-36
208            android:permission="com.google.android.gms.auth.api.signin.permission.REVOCATION_NOTIFICATION"
208-->[com.google.android.gms:play-services-auth:20.0.1] AndroidManifest.xml:36:13-107
209            android:visibleToInstantApps="true" />
209-->[com.google.android.gms:play-services-auth:20.0.1] AndroidManifest.xml:37:13-48
210
211        <activity
211-->[com.google.android.gms:play-services-base:18.0.1] AndroidManifest.xml:20:9-22:45
212            android:name="com.google.android.gms.common.api.GoogleApiActivity"
212-->[com.google.android.gms:play-services-base:18.0.1] AndroidManifest.xml:20:19-85
213            android:exported="false"
213-->[com.google.android.gms:play-services-base:18.0.1] AndroidManifest.xml:22:19-43
214            android:theme="@android:style/Theme.Translucent.NoTitleBar" />
214-->[com.google.android.gms:play-services-base:18.0.1] AndroidManifest.xml:21:19-78
215
216        <meta-data
216-->[com.google.android.gms:play-services-basement:18.0.0] AndroidManifest.xml:21:9-23:69
217            android:name="com.google.android.gms.version"
217-->[com.google.android.gms:play-services-basement:18.0.0] AndroidManifest.xml:22:13-58
218            android:value="@integer/google_play_services_version" />
218-->[com.google.android.gms:play-services-basement:18.0.0] AndroidManifest.xml:23:13-66
219    </application>
220
221</manifest>